1704090035.220637 client started (41522): version 3.2a, socket /tmp/tmux-1000/default, protocol 8
1704090035.220673 on Linux 6.2.0-39-generic #40~22.04.1-Ubuntu SMP PREEMPT_DYNAMIC Thu Nov 16 10:53:04 UTC 2
1704090035.220682 using libevent 2.1.12-stable (poll); ncurses 6.3
1704090035.220706 flags are 0x18010000
1704090035.220711 socket is /tmp/tmux-1000/default
1704090035.220728 trying connect
1704090035.220745 connect failed: Connection refused
1704090035.220758 lock file is /tmp/tmux-1000/default.lock
1704090035.220796 flock succeeded
1704090035.220805 got lock (6)
1704090035.220813 trying connect
1704090035.220822 connect failed: Connection refused
1704090035.221335 add peer 0x56269c12d7b0: 7 ((nil))
1704090035.221926 sending message 100 to peer 0x56269c12d7b0 (4 bytes)
1704090035.221937 sending message 111 to peer 0x56269c12d7b0 (8 bytes)
1704090035.221942 sending message 101 to peer 0x56269c12d7b0 (15 bytes)
1704090035.221947 sending message 109 to peer 0x56269c12d7b0 (4 bytes)
1704090035.221952 sending message 102 to peer 0x56269c12d7b0 (11 bytes)
1704090035.221957 sending message 108 to peer 0x56269c12d7b0 (29 bytes)
1704090035.221963 sending message 112 to peer 0x56269c12d7b0 (58 bytes)
1704090035.221969 sending message 112 to peer 0x56269c12d7b0 (5 bytes)
1704090035.221974 sending message 112 to peer 0x56269c12d7b0 (5 bytes)
1704090035.221979 sending message 112 to peer 0x56269c12d7b0 (6 bytes)
1704090035.221983 sending message 112 to peer 0x56269c12d7b0 (6 bytes)
1704090035.221988 sending message 112 to peer 0x56269c12d7b0 (11 bytes)
1704090035.221993 sending message 112 to peer 0x56269c12d7b0 (10 bytes)
1704090035.221998 sending message 112 to peer 0x56269c12d7b0 (13 bytes)
1704090035.222003 sending message 112 to peer 0x56269c12d7b0 (14 bytes)
1704090035.222008 sending message 112 to peer 0x56269c12d7b0 (19 bytes)
1704090035.222013 sending message 112 to peer 0x56269c12d7b0 (11 bytes)
1704090035.222019 sending message 112 to peer 0x56269c12d7b0 (10 bytes)
1704090035.222023 sending message 112 to peer 0x56269c12d7b0 (15 bytes)
1704090035.222028 sending message 112 to peer 0x56269c12d7b0 (21 bytes)
1704090035.222033 sending message 112 to peer 0x56269c12d7b0 (13 bytes)
1704090035.222037 sending message 112 to peer 0x56269c12d7b0 (7 bytes)
1704090035.222042 sending message 112 to peer 0x56269c12d7b0 (13 bytes)
1704090035.222047 sending message 112 to peer 0x56269c12d7b0 (7 bytes)
1704090035.222051 sending message 112 to peer 0x56269c12d7b0 (13 bytes)
1704090035.222056 sending message 112 to peer 0x56269c12d7b0 (9 bytes)
1704090035.222060 sending message 112 to peer 0x56269c12d7b0 (21 bytes)
1704090035.222066 sending message 112 to peer 0x56269c12d7b0 (13 bytes)
1704090035.222071 sending message 112 to peer 0x56269c12d7b0 (9 bytes)
1704090035.222076 sending message 112 to peer 0x56269c12d7b0 (16 bytes)
1704090035.222081 sending message 112 to peer 0x56269c12d7b0 (13 bytes)
1704090035.222085 sending message 112 to peer 0x56269c12d7b0 (9 bytes)
1704090035.222090 sending message 112 to peer 0x56269c12d7b0 (9 bytes)
1704090035.222094 sending message 112 to peer 0x56269c12d7b0 (12 bytes)
1704090035.222099 sending message 112 to peer 0x56269c12d7b0 (8 bytes)
1704090035.222103 sending message 112 to peer 0x56269c12d7b0 (8 bytes)
1704090035.222108 sending message 112 to peer 0x56269c12d7b0 (13 bytes)
1704090035.222113 sending message 112 to peer 0x56269c12d7b0 (7 bytes)
1704090035.222118 sending message 112 to peer 0x56269c12d7b0 (7 bytes)
1704090035.222123 sending message 112 to peer 0x56269c12d7b0 (9 bytes)
1704090035.222127 sending message 112 to peer 0x56269c12d7b0 (9 bytes)
1704090035.222133 sending message 112 to peer 0x56269c12d7b0 (15 bytes)
1704090035.222138 sending message 112 to peer 0x56269c12d7b0 (13 bytes)
1704090035.222143 sending message 112 to peer 0x56269c12d7b0 (12 bytes)
1704090035.222148 sending message 112 to peer 0x56269c12d7b0 (8 bytes)
1704090035.222153 sending message 112 to peer 0x56269c12d7b0 (14 bytes)
1704090035.222158 sending message 112 to peer 0x56269c12d7b0 (11 bytes)
1704090035.222163 sending message 112 to peer 0x56269c12d7b0 (9 bytes)
1704090035.222180 sending message 112 to peer 0x56269c12d7b0 (10 bytes)
1704090035.222185 sending message 112 to peer 0x56269c12d7b0 (10 bytes)
1704090035.222191 sending message 112 to peer 0x56269c12d7b0 (10 bytes)
1704090035.222197 sending message 112 to peer 0x56269c12d7b0 (10 bytes)
1704090035.222202 sending message 112 to peer 0x56269c12d7b0 (11 bytes)
1704090035.222206 sending message 112 to peer 0x56269c12d7b0 (12 bytes)
1704090035.222211 sending message 112 to peer 0x56269c12d7b0 (12 bytes)
1704090035.222216 sending message 112 to peer 0x56269c12d7b0 (12 bytes)
1704090035.222221 sending message 112 to peer 0x56269c12d7b0 (12 bytes)
1704090035.222226 sending message 112 to peer 0x56269c12d7b0 (12 bytes)
1704090035.222231 sending message 112 to peer 0x56269c12d7b0 (11 bytes)
1704090035.222236 sending message 112 to peer 0x56269c12d7b0 (11 bytes)
1704090035.222240 sending message 112 to peer 0x56269c12d7b0 (12 bytes)
1704090035.222245 sending message 112 to peer 0x56269c12d7b0 (12 bytes)
1704090035.222250 sending message 112 to peer 0x56269c12d7b0 (12 bytes)
1704090035.222255 sending message 112 to peer 0x56269c12d7b0 (12 bytes)
1704090035.222260 sending message 112 to peer 0x56269c12d7b0 (12 bytes)
1704090035.222266 sending message 112 to peer 0x56269c12d7b0 (9 bytes)
1704090035.222271 sending message 112 to peer 0x56269c12d7b0 (12 bytes)
1704090035.222276 sending message 112 to peer 0x56269c12d7b0 (13 bytes)
1704090035.222281 sending message 112 to peer 0x56269c12d7b0 (13 bytes)
1704090035.222287 sending message 112 to peer 0x56269c12d7b0 (13 bytes)
1704090035.222292 sending message 112 to peer 0x56269c12d7b0 (13 bytes)
1704090035.222297 sending message 112 to peer 0x56269c12d7b0 (13 bytes)
1704090035.222302 sending message 112 to peer 0x56269c12d7b0 (8 bytes)
1704090035.222308 sending message 112 to peer 0x56269c12d7b0 (11 bytes)
1704090035.222312 sending message 112 to peer 0x56269c12d7b0 (11 bytes)
1704090035.222317 sending message 112 to peer 0x56269c12d7b0 (11 bytes)
1704090035.222322 sending message 112 to peer 0x56269c12d7b0 (12 bytes)
1704090035.222327 sending message 112 to peer 0x56269c12d7b0 (12 bytes)
1704090035.222332 sending message 112 to peer 0x56269c12d7b0 (12 bytes)
1704090035.222337 sending message 112 to peer 0x56269c12d7b0 (12 bytes)
1704090035.222342 sending message 112 to peer 0x56269c12d7b0 (13 bytes)
1704090035.222347 sending message 112 to peer 0x56269c12d7b0 (13 bytes)
1704090035.222352 sending message 112 to peer 0x56269c12d7b0 (13 bytes)
1704090035.222357 sending message 112 to peer 0x56269c12d7b0 (8 bytes)
1704090035.222362 sending message 112 to peer 0x56269c12d7b0 (13 bytes)
1704090035.222367 sending message 112 to peer 0x56269c12d7b0 (13 bytes)
1704090035.222372 sending message 112 to peer 0x56269c12d7b0 (13 bytes)
1704090035.222376 sending message 112 to peer 0x56269c12d7b0 (13 bytes)
1704090035.222381 sending message 112 to peer 0x56269c12d7b0 (13 bytes)
1704090035.222386 sending message 112 to peer 0x56269c12d7b0 (12 bytes)
1704090035.222391 sending message 112 to peer 0x56269c12d7b0 (12 bytes)
1704090035.222395 sending message 112 to peer 0x56269c12d7b0 (12 bytes)
1704090035.222401 sending message 112 to peer 0x56269c12d7b0 (12 bytes)
1704090035.222406 sending message 112 to peer 0x56269c12d7b0 (13 bytes)
1704090035.222411 sending message 112 to peer 0x56269c12d7b0 (8 bytes)
1704090035.222416 sending message 112 to peer 0x56269c12d7b0 (13 bytes)
1704090035.222421 sending message 112 to peer 0x56269c12d7b0 (13 bytes)
1704090035.222426 sending message 112 to peer 0x56269c12d7b0 (13 bytes)
1704090035.222431 sending message 112 to peer 0x56269c12d7b0 (13 bytes)
1704090035.222436 sending message 112 to peer 0x56269c12d7b0 (13 bytes)
1704090035.222441 sending message 112 to peer 0x56269c12d7b0 (13 bytes)
1704090035.222446 sending message 112 to peer 0x56269c12d7b0 (13 bytes)
1704090035.222451 sending message 112 to peer 0x56269c12d7b0 (12 bytes)
1704090035.222456 sending message 112 to peer 0x56269c12d7b0 (12 bytes)
1704090035.222461 sending message 112 to peer 0x56269c12d7b0 (12 bytes)
1704090035.222471 sending message 112 to peer 0x56269c12d7b0 (8 bytes)
1704090035.222477 sending message 112 to peer 0x56269c12d7b0 (12 bytes)
1704090035.222482 sending message 112 to peer 0x56269c12d7b0 (13 bytes)
1704090035.222488 sending message 112 to peer 0x56269c12d7b0 (13 bytes)
1704090035.222493 sending message 112 to peer 0x56269c12d7b0 (13 bytes)
1704090035.222498 sending message 112 to peer 0x56269c12d7b0 (13 bytes)
1704090035.222503 sending message 112 to peer 0x56269c12d7b0 (13 bytes)
1704090035.222508 sending message 112 to peer 0x56269c12d7b0 (13 bytes)
1704090035.222513 sending message 112 to peer 0x56269c12d7b0 (13 bytes)
1704090035.222517 sending message 112 to peer 0x56269c12d7b0 (13 bytes)
1704090035.222522 sending message 112 to peer 0x56269c12d7b0 (12 bytes)
1704090035.222527 sending message 112 to peer 0x56269c12d7b0 (10 bytes)
1704090035.222532 sending message 112 to peer 0x56269c12d7b0 (12 bytes)
1704090035.222537 sending message 112 to peer 0x56269c12d7b0 (12 bytes)
1704090035.222541 sending message 112 to peer 0x56269c12d7b0 (12 bytes)
1704090035.222546 sending message 112 to peer 0x56269c12d7b0 (13 bytes)
1704090035.222551 sending message 112 to peer 0x56269c12d7b0 (13 bytes)
1704090035.222556 sending message 112 to peer 0x56269c12d7b0 (13 bytes)
1704090035.222561 sending message 112 to peer 0x56269c12d7b0 (13 bytes)
1704090035.222566 sending message 112 to peer 0x56269c12d7b0 (13 bytes)
1704090035.222571 sending message 112 to peer 0x56269c12d7b0 (13 bytes)
1704090035.222577 sending message 112 to peer 0x56269c12d7b0 (13 bytes)
1704090035.222582 sending message 112 to peer 0x56269c12d7b0 (10 bytes)
1704090035.222587 sending message 112 to peer 0x56269c12d7b0 (13 bytes)
1704090035.222592 sending message 112 to peer 0x56269c12d7b0 (12 bytes)
1704090035.222596 sending message 112 to peer 0x56269c12d7b0 (12 bytes)
1704090035.222601 sending message 112 to peer 0x56269c12d7b0 (12 bytes)
1704090035.222606 sending message 112 to peer 0x56269c12d7b0 (10 bytes)
1704090035.222611 sending message 112 to peer 0x56269c12d7b0 (10 bytes)
1704090035.222616 sending message 112 to peer 0x56269c12d7b0 (10 bytes)
1704090035.222621 sending message 112 to peer 0x56269c12d7b0 (12 bytes)
1704090035.222626 sending message 112 to peer 0x56269c12d7b0 (13 bytes)
1704090035.222631 sending message 112 to peer 0x56269c12d7b0 (13 bytes)
1704090035.222635 sending message 112 to peer 0x56269c12d7b0 (13 bytes)
1704090035.222640 sending message 112 to peer 0x56269c12d7b0 (13 bytes)
1704090035.222645 sending message 112 to peer 0x56269c12d7b0 (13 bytes)
1704090035.222650 sending message 112 to peer 0x56269c12d7b0 (10 bytes)
1704090035.222654 sending message 112 to peer 0x56269c12d7b0 (11 bytes)
1704090035.222659 sending message 112 to peer 0x56269c12d7b0 (12 bytes)
1704090035.222664 sending message 112 to peer 0x56269c12d7b0 (12 bytes)
1704090035.222669 sending message 112 to peer 0x56269c12d7b0 (12 bytes)
1704090035.222674 sending message 112 to peer 0x56269c12d7b0 (12 bytes)
1704090035.222679 sending message 112 to peer 0x56269c12d7b0 (12 bytes)
1704090035.222683 sending message 112 to peer 0x56269c12d7b0 (11 bytes)
1704090035.222688 sending message 112 to peer 0x56269c12d7b0 (12 bytes)
1704090035.222693 sending message 112 to peer 0x56269c12d7b0 (12 bytes)
1704090035.222698 sending message 112 to peer 0x56269c12d7b0 (13 bytes)
1704090035.222703 sending message 112 to peer 0x56269c12d7b0 (13 bytes)
1704090035.222708 sending message 112 to peer 0x56269c12d7b0 (13 bytes)
1704090035.222713 sending message 112 to peer 0x56269c12d7b0 (13 bytes)
1704090035.222718 sending message 112 to peer 0x56269c12d7b0 (13 bytes)
1704090035.222723 sending message 112 to peer 0x56269c12d7b0 (10 bytes)
1704090035.222728 sending message 112 to peer 0x56269c12d7b0 (9 bytes)
1704090035.222733 sending message 112 to peer 0x56269c12d7b0 (12 bytes)
1704090035.222738 sending message 112 to peer 0x56269c12d7b0 (13 bytes)
1704090035.222743 sending message 112 to peer 0x56269c12d7b0 (13 bytes)
1704090035.222748 sending message 112 to peer 0x56269c12d7b0 (13 bytes)
1704090035.222758 sending message 112 to peer 0x56269c12d7b0 (13 bytes)
1704090035.222763 sending message 112 to peer 0x56269c12d7b0 (13 bytes)
1704090035.222768 sending message 112 to peer 0x56269c12d7b0 (9 bytes)
1704090035.222773 sending message 112 to peer 0x56269c12d7b0 (12 bytes)
1704090035.222778 sending message 112 to peer 0x56269c12d7b0 (13 bytes)
1704090035.222783 sending message 112 to peer 0x56269c12d7b0 (13 bytes)
1704090035.222788 sending message 112 to peer 0x56269c12d7b0 (13 bytes)
1704090035.222794 sending message 112 to peer 0x56269c12d7b0 (13 bytes)
1704090035.222799 sending message 112 to peer 0x56269c12d7b0 (13 bytes)
1704090035.222804 sending message 112 to peer 0x56269c12d7b0 (11 bytes)
1704090035.222809 sending message 112 to peer 0x56269c12d7b0 (12 bytes)
1704090035.222813 sending message 112 to peer 0x56269c12d7b0 (13 bytes)
1704090035.222818 sending message 112 to peer 0x56269c12d7b0 (13 bytes)
1704090035.222822 sending message 112 to peer 0x56269c12d7b0 (13 bytes)
1704090035.222827 sending message 112 to peer 0x56269c12d7b0 (13 bytes)
1704090035.222832 sending message 112 to peer 0x56269c12d7b0 (13 bytes)
1704090035.222836 sending message 112 to peer 0x56269c12d7b0 (11 bytes)
1704090035.222841 sending message 112 to peer 0x56269c12d7b0 (12 bytes)
1704090035.222849 sending message 112 to peer 0x56269c12d7b0 (12 bytes)
1704090035.222854 sending message 112 to peer 0x56269c12d7b0 (12 bytes)
1704090035.222858 sending message 112 to peer 0x56269c12d7b0 (12 bytes)
1704090035.222863 sending message 112 to peer 0x56269c12d7b0 (12 bytes)
1704090035.222868 sending message 112 to peer 0x56269c12d7b0 (21 bytes)
1704090035.222872 sending message 112 to peer 0x56269c12d7b0 (12 bytes)
1704090035.222877 sending message 112 to peer 0x56269c12d7b0 (9 bytes)
1704090035.222882 sending message 112 to peer 0x56269c12d7b0 (6 bytes)
1704090035.222887 sending message 112 to peer 0x56269c12d7b0 (13 bytes)
1704090035.222893 sending message 112 to peer 0x56269c12d7b0 (10 bytes)
1704090035.222898 sending message 112 to peer 0x56269c12d7b0 (24 bytes)
1704090035.222902 sending message 112 to peer 0x56269c12d7b0 (13 bytes)
1704090035.222907 sending message 112 to peer 0x56269c12d7b0 (9 bytes)
1704090035.222912 sending message 112 to peer 0x56269c12d7b0 (70 bytes)
1704090035.222917 sending message 112 to peer 0x56269c12d7b0 (69 bytes)
1704090035.222922 sending message 112 to peer 0x56269c12d7b0 (12 bytes)
1704090035.222929 sending message 112 to peer 0x56269c12d7b0 (10 bytes)
1704090035.222934 sending message 112 to peer 0x56269c12d7b0 (10 bytes)
1704090035.222939 sending message 112 to peer 0x56269c12d7b0 (24 bytes)
1704090035.222943 sending message 112 to peer 0x56269c12d7b0 (13 bytes)
1704090035.222948 sending message 112 to peer 0x56269c12d7b0 (10 bytes)
1704090035.222953 sending message 112 to peer 0x56269c12d7b0 (10 bytes)
1704090035.222957 sending message 112 to peer 0x56269c12d7b0 (10 bytes)
1704090035.222962 sending message 112 to peer 0x56269c12d7b0 (13 bytes)
1704090035.222967 sending message 112 to peer 0x56269c12d7b0 (15 bytes)
1704090035.222972 sending message 112 to peer 0x56269c12d7b0 (5 bytes)
1704090035.222978 sending message 104 to peer 0x56269c12d7b0 (0 bytes)
1704090035.222983 sending message 110 to peer 0x56269c12d7b0 (0 bytes)
1704090035.222988 sending message 107 to peer 0x56269c12d7b0 (4 bytes)
1704090035.222994 sending message 105 to peer 0x56269c12d7b0 (25 bytes)
1704090035.222998 sending message 105 to peer 0x56269c12d7b0 (18 bytes)
1704090035.223004 sending message 105 to peer 0x56269c12d7b0 (23 bytes)
1704090035.223011 sending message 105 to peer 0x56269c12d7b0 (33 bytes)
1704090035.223016 sending message 105 to peer 0x56269c12d7b0 (44 bytes)
1704090035.223021 sending message 105 to peer 0x56269c12d7b0 (18 bytes)
1704090035.223026 sending message 105 to peer 0x56269c12d7b0 (50 bytes)
1704090035.223030 sending message 105 to peer 0x56269c12d7b0 (48 bytes)
1704090035.223035 sending message 105 to peer 0x56269c12d7b0 (54 bytes)
1704090035.223039 sending message 105 to peer 0x56269c12d7b0 (27 bytes)
1704090035.223049 sending message 105 to peer 0x56269c12d7b0 (21 bytes)
1704090035.223053 sending message 105 to peer 0x56269c12d7b0 (22 bytes)
1704090035.223058 sending message 105 to peer 0x56269c12d7b0 (33 bytes)
1704090035.223063 sending message 105 to peer 0x56269c12d7b0 (21 bytes)
1704090035.223067 sending message 105 to peer 0x56269c12d7b0 (19 bytes)
1704090035.223072 sending message 105 to peer 0x56269c12d7b0 (18 bytes)
1704090035.223077 sending message 105 to peer 0x56269c12d7b0 (42 bytes)
1704090035.223081 sending message 105 to peer 0x56269c12d7b0 (15 bytes)
1704090035.223086 sending message 105 to peer 0x56269c12d7b0 (11 bytes)
1704090035.223094 sending message 105 to peer 0x56269c12d7b0 (611 bytes)
1704090035.223100 sending message 105 to peer 0x56269c12d7b0 (43 bytes)
1704090035.223105 sending message 105 to peer 0x56269c12d7b0 (17 bytes)
1704090035.223110 sending message 105 to peer 0x56269c12d7b0 (20 bytes)
1704090035.223115 sending message 105 to peer 0x56269c12d7b0 (41 bytes)
1704090035.223120 sending message 105 to peer 0x56269c12d7b0 (21 bytes)
1704090035.223125 sending message 105 to peer 0x56269c12d7b0 (56 bytes)
1704090035.223129 sending message 105 to peer 0x56269c12d7b0 (82 bytes)
1704090035.223134 sending message 105 to peer 0x56269c12d7b0 (18 bytes)
1704090035.223139 sending message 105 to peer 0x56269c12d7b0 (31 bytes)
1704090035.223144 sending message 105 to peer 0x56269c12d7b0 (102 bytes)
1704090035.223149 sending message 105 to peer 0x56269c12d7b0 (27 bytes)
1704090035.223154 sending message 105 to peer 0x56269c12d7b0 (58 bytes)
1704090035.223158 sending message 105 to peer 0x56269c12d7b0 (17 bytes)
1704090035.223166 sending message 105 to peer 0x56269c12d7b0 (33 bytes)
1704090035.223171 sending message 105 to peer 0x56269c12d7b0 (29 bytes)
1704090035.223176 sending message 105 to peer 0x56269c12d7b0 (16 bytes)
1704090035.223180 sending message 105 to peer 0x56269c12d7b0 (45 bytes)
1704090035.223185 sending message 105 to peer 0x56269c12d7b0 (23 bytes)
1704090035.223190 sending message 105 to peer 0x56269c12d7b0 (19 bytes)
1704090035.223195 sending message 105 to peer 0x56269c12d7b0 (52 bytes)
1704090035.223199 sending message 105 to peer 0x56269c12d7b0 (19 bytes)
1704090035.223204 sending message 105 to peer 0x56269c12d7b0 (23 bytes)
1704090035.223209 sending message 105 to peer 0x56269c12d7b0 (28 bytes)
1704090035.223214 sending message 105 to peer 0x56269c12d7b0 (30 bytes)
1704090035.223220 sending message 105 to peer 0x56269c12d7b0 (54 bytes)
1704090035.223225 sending message 105 to peer 0x56269c12d7b0 (20 bytes)
1704090035.223230 sending message 105 to peer 0x56269c12d7b0 (51 bytes)
1704090035.223235 sending message 105 to peer 0x56269c12d7b0 (86 bytes)
1704090035.223242 sending message 105 to peer 0x56269c12d7b0 (23 bytes)
1704090035.223246 sending message 105 to peer 0x56269c12d7b0 (32 bytes)
1704090035.223251 sending message 105 to peer 0x56269c12d7b0 (20 bytes)
1704090035.223255 sending message 105 to peer 0x56269c12d7b0 (23 bytes)
1704090035.223259 sending message 105 to peer 0x56269c12d7b0 (20 bytes)
1704090035.223264 sending message 105 to peer 0x56269c12d7b0 (20 bytes)
1704090035.223269 sending message 105 to peer 0x56269c12d7b0 (46 bytes)
1704090035.223273 sending message 105 to peer 0x56269c12d7b0 (13 bytes)
1704090035.223278 sending message 105 to peer 0x56269c12d7b0 (37 bytes)
1704090035.223283 sending message 105 to peer 0x56269c12d7b0 (19 bytes)
1704090035.223288 sending message 105 to peer 0x56269c12d7b0 (36 bytes)
1704090035.223292 sending message 105 to peer 0x56269c12d7b0 (41 bytes)
1704090035.223297 sending message 105 to peer 0x56269c12d7b0 (24 bytes)
1704090035.223301 sending message 105 to peer 0x56269c12d7b0 (8 bytes)
1704090035.223306 sending message 105 to peer 0x56269c12d7b0 (31 bytes)
1704090035.223316 sending message 105 to peer 0x56269c12d7b0 (31 bytes)
1704090035.223321 sending message 105 to peer 0x56269c12d7b0 (11 bytes)
1704090035.223326 sending message 105 to peer 0x56269c12d7b0 (8 bytes)
1704090035.223331 sending message 105 to peer 0x56269c12d7b0 (32 bytes)
1704090035.223340 sending message 105 to peer 0x56269c12d7b0 (1519 bytes)
1704090035.223381 sending message 105 to peer 0x56269c12d7b0 (19 bytes)
1704090035.223387 sending message 105 to peer 0x56269c12d7b0 (69 bytes)
1704090035.223392 sending message 105 to peer 0x56269c12d7b0 (42 bytes)
1704090035.223397 sending message 105 to peer 0x56269c12d7b0 (35 bytes)
1704090035.223402 sending message 105 to peer 0x56269c12d7b0 (46 bytes)
1704090035.223407 sending message 105 to peer 0x56269c12d7b0 (25 bytes)
1704090035.223412 sending message 105 to peer 0x56269c12d7b0 (57 bytes)
1704090035.223417 sending message 105 to peer 0x56269c12d7b0 (62 bytes)
1704090035.223422 sending message 105 to peer 0x56269c12d7b0 (62 bytes)
1704090035.223427 sending message 105 to peer 0x56269c12d7b0 (60 bytes)
1704090035.223432 sending message 105 to peer 0x56269c12d7b0 (34 bytes)
1704090035.223437 sending message 105 to peer 0x56269c12d7b0 (59 bytes)
1704090035.223442 sending message 105 to peer 0x56269c12d7b0 (26 bytes)
1704090035.223447 sending message 105 to peer 0x56269c12d7b0 (29 bytes)
1704090035.223452 sending message 105 to peer 0x56269c12d7b0 (16 bytes)
1704090035.223457 sending message 106 to peer 0x56269c12d7b0 (0 bytes)
1704090035.223467 sending message 200 to peer 0x56269c12d7b0 (4 bytes)
1704090035.223472 client loop enter
1704090035.223533 client_signal: Child exited
1704090035.258476 peer 0x56269c12d7b0 message 207
1704090035.258482 sending message 208 to peer 0x56269c12d7b0 (0 bytes)
1704090037.322804 peer 0x56269c12d7b0 message 203
1704090037.322814 sending message 205 to peer 0x56269c12d7b0 (0 bytes)
1704090037.323000 peer 0x56269c12d7b0 message 204
1704090037.323002 client loop exit
